Traceback (most recent call last):
  File "<frozen runpy>", line 198, in _run_module_as_main
  File "<frozen runpy>", line 88, in _run_code
  File "/Users/dok/Code/CT/keel/keel/testing/__main__.py", line 243, in <module>
    main()
    ~~~~^^
  File "/Users/dok/Code/CT/keel/keel/testing/__main__.py", line 211, in main
    run_notification_audit(T)
    ~~~~~~~~~~~~~~~~~~~~~~^^^
  File "/Users/dok/Code/CT/keel/keel/testing/notification_audit.py", line 26, in run_notification_audit
    from keel.accounts.models import NotificationTypeOverride, get_product_roles
  File "/Users/dok/Code/CT/keel/keel/accounts/models.py", line 24, in <module>
    from django.contrib.auth.models import AbstractUser
  File "/Users/dok/Code/CT/keel/venv/lib/python3.14/site-packages/django/contrib/auth/models.py", line 5, in <module>
    from django.contrib.auth.base_user import AbstractBaseUser, BaseUserManager
  File "/Users/dok/Code/CT/keel/venv/lib/python3.14/site-packages/django/contrib/auth/base_user.py", line 43, in <module>
    class AbstractBaseUser(models.Model):
    ...<123 lines>...
            )
  File "/Users/dok/Code/CT/keel/venv/lib/python3.14/site-packages/django/db/models/base.py", line 131, in __new__
    app_config = apps.get_containing_app_config(module)
  File "/Users/dok/Code/CT/keel/venv/lib/python3.14/site-packages/django/apps/registry.py", line 260, in get_containing_app_config
    self.check_apps_ready()
    ~~~~~~~~~~~~~~~~~~~~~^^
  File "/Users/dok/Code/CT/keel/venv/lib/python3.14/site-packages/django/apps/registry.py", line 137, in check_apps_ready
    settings.INSTALLED_APPS
  File "/Users/dok/Code/CT/keel/venv/lib/python3.14/site-packages/django/conf/__init__.py", line 81, in __getattr__
    self._setup(name)
    ~~~~~~~~~~~^^^^^^
  File "/Users/dok/Code/CT/keel/venv/lib/python3.14/site-packages/django/conf/__init__.py", line 68, in _setup
    self._wrapped = Settings(settings_module)
                    ~~~~~~~~^^^^^^^^^^^^^^^^^
  File "/Users/dok/Code/CT/keel/venv/lib/python3.14/site-packages/django/conf/__init__.py", line 166, in __init__
    mod = importlib.import_module(self.SETTINGS_MODULE)
  File "/opt/homebrew/Cellar/python@3.14/3.14.3_1/Frameworks/Python.framework/Versions/3.14/lib/python3.14/importlib/__init__.py", line 88, in import_module
    return _bootstrap._gcd_import(name[level:], package, level)
           ~~~~~~~~~~~~~~~~~~~~~~^^^^^^^^^^^^^^^^^^^^^^^^^^^^^^
  File "/Users/dok/Code/CT/keel/keel_site/settings.py", line 24, in <module>
    raise ImproperlyConfigured(
        'SECRET_KEY env var is required in production (DEBUG=False).'
    )
django.core.exceptions.ImproperlyConfigured: SECRET_KEY env var is required in production (DEBUG=False).
